# JRE version: OpenJDK Runtime Environment (11.0.6+10) (build 11.0.6+10)
# Java VM: OpenJDK 64-Bit Server VM (11.0.6+10, mixed mode, tiered, compressed oops, g1 gc, windows-amd64)
Heap:
 garbage-first heap   total 27648K, used 14294K [0x0000000701e00000, 0x0000000800000000)
  region size 1024K, 9 young (9216K), 0 survivors (0K)
 Metaspace       used 23441K, capacity 23986K, committed 24192K, reserved 1071104K
  class space    used 2450K, capacity 2676K, committed 2688K, reserved 1048576K
GC Heap History (6 events):
Event: 0.586 GC heap before
{Heap before GC invocations=0 (full 0):
 garbage-first heap   total 262144K, used 15360K [0x0000000701e00000, 0x0000000800000000)
  region size 1024K, 14 young (14336K), 0 survivors (0K)
 Metaspace       used 15117K, capacity 15518K, committed 15616K, reserved 1062912K
  class space    used 1581K, capacity 1768K, committed 1792K, reserved 1048576K
}
Event: 0.591 GC heap after
{Heap after GC invocations=1 (full 0):
 garbage-first heap   total 262144K, used 4422K [0x0000000701e00000, 0x0000000800000000)
  region size 1024K, 2 young (2048K), 2 survivors (2048K)
 Metaspace       used 15117K, capacity 15518K, committed 15616K, reserved 1062912K
  class space    used 1581K, capacity 1768K, committed 1792K, reserved 1048576K
}
Event: 2.581 GC heap before
{Heap before GC invocations=1 (full 0):
 garbage-first heap   total 262144K, used 10566K [0x0000000701e00000, 0x0000000800000000)
  region size 1024K, 7 young (7168K), 2 survivors (2048K)
 Metaspace       used 19778K, capacity 20238K, committed 20352K, reserved 1067008K
  class space    used 2169K, capacity 2399K, committed 2432K, reserved 1048576K
}
Event: 2.594 GC heap after
{Heap after GC invocations=2 (full 1):
 garbage-first heap   total 27648K, used 7126K [0x0000000701e00000, 0x0000000800000000)
  region size 1024K, 0 young (0K), 0 survivors (0K)
 Metaspace       used 19778K, capacity 20238K, committed 20352K, reserved 1067008K
  class space    used 2169K, capacity 2399K, committed 2432K, reserved 1048576K
}
Event: 2.595 GC heap before
{Heap before GC invocations=2 (full 1):
 garbage-first heap   total 27648K, used 7126K [0x0000000701e00000, 0x0000000800000000)
  region size 1024K, 0 young (0K), 0 survivors (0K)
 Metaspace       used 19778K, capacity 20238K, committed 20352K, reserved 1067008K
  class space    used 2169K, capacity 2399K, committed 2432K, reserved 1048576K
}
Event: 2.608 GC heap after
{Heap after GC invocations=3 (full 2):
 garbage-first heap   total 27648K, used 7126K [0x0000000701e00000, 0x0000000800000000)
  region size 1024K, 0 young (0K), 0 survivors (0K)
 Metaspace       used 19778K, capacity 20238K, committed 20352K, reserved 1067008K
  class space    used 2169K, capacity 2399K, committed 2432K, reserved 1048576K
}

